<?xml version="1.0" encoding="UTF-8"?>
<!-- Generated by org.testng.reporters.JUnitReportReporter -->
<testsuite skipped="0" hostname="RJ7U81B5KZ5J9PW" name="cal.NewTest" tests="3" failures="0" timestamp="2021-08-18T09:43:13 CST" time="0.030" errors="0">
  <testcase name="testSubstract" time="0.003" classname="cal.NewTest"/>
  <system-out/>
  <testcase name="testDivide" time="0.022" classname="cal.NewTest"/>
  <system-out/>
  <testcase name="testMultiply" time="0.005" classname="cal.NewTest"/>
  <system-out/>
</testsuite> <!-- cal.NewTest -->
