<?xml version="1.0" encoding="UTF-8"?>
<!-- Generated by org.testng.reporters.JUnitReportReporter -->
<testsuite skipped="0" hostname="RJ7U81B5KZ5J9PW" name="testng.NewTest" tests="3" failures="0" timestamp="2021-08-13T14:26:28 CST" time="0.027" errors="0">
  <testcase name="testMultiply" time="0.007" classname="testng.NewTest"/>
  <system-out/>
  <testcase name="testDivide" time="0.018" classname="testng.NewTest"/>
  <system-out/>
  <testcase name="testSubstract" time="0.002" classname="testng.NewTest"/>
  <system-out/>
</testsuite> <!-- testng.NewTest -->
